<?xml version="1.0" encoding="UTF-8"?>
<testng-results ignored="0" total="1" passed="1" failed="0" skipped="0">
  <reporter-output>
  </reporter-output>
  <suite started-at="2024-02-29T20:29:07 IST" name="Default suite" finished-at="2024-02-29T20:29:07 IST" duration-ms="185">
    <groups>
    </groups>
    <test started-at="2024-02-29T20:29:07 IST" name="Default test" finished-at="2024-02-29T20:29:07 IST" duration-ms="185">
      <class name="training.BaseClass">
        <test-method is-config="true" signature="beforeSuite()[pri:0, instance:training.BaseClass@294425a7]" started-at="2024-02-29T20:29:07 IST" name="beforeSuite" finished-at="2024-02-29T20:29:07 IST" duration-ms="41" status="PASS">
          <reporter-output>
          </reporter-output>
        </test-method> <!-- beforeSuite -->
        <test-method is-config="true" signature="beforeClass()[pri:0, instance:training.BaseClass@294425a7]" started-at="2024-02-29T20:29:07 IST" name="beforeClass" finished-at="2024-02-29T20:29:07 IST" duration-ms="2" status="PASS">
          <reporter-output>
          </reporter-output>
        </test-method> <!-- beforeClass -->
        <test-method is-config="true" signature="beforeMethod()[pri:0, instance:training.BaseClass@294425a7]" started-at="2024-02-29T20:29:07 IST" name="beforeMethod" finished-at="2024-02-29T20:29:07 IST" duration-ms="8" status="PASS">
          <reporter-output>
          </reporter-output>
        </test-method> <!-- beforeMethod -->
        <test-method signature="f()[pri:0, instance:training.BaseClass@294425a7]" started-at="2024-02-29T20:29:07 IST" name="f" finished-at="2024-02-29T20:29:07 IST" duration-ms="18" status="PASS">
          <reporter-output>
          </reporter-output>
        </test-method> <!-- f -->
        <test-method is-config="true" signature="afterMethod()[pri:0, instance:training.BaseClass@294425a7]" started-at="2024-02-29T20:29:07 IST" name="afterMethod" finished-at="2024-02-29T20:29:07 IST" duration-ms="2" status="PASS">
          <reporter-output>
          </reporter-output>
        </test-method> <!-- afterMethod -->
        <test-method is-config="true" signature="afterClass()[pri:0, instance:training.BaseClass@294425a7]" started-at="2024-02-29T20:29:07 IST" name="afterClass" finished-at="2024-02-29T20:29:07 IST" duration-ms="6" status="PASS">
          <reporter-output>
          </reporter-output>
        </test-method> <!-- afterClass -->
        <test-method is-config="true" signature="afterClass1()[pri:0, instance:training.BaseClass@294425a7]" started-at="2024-02-29T20:29:07 IST" name="afterClass1" finished-at="2024-02-29T20:29:07 IST" duration-ms="7" status="PASS">
          <reporter-output>
          </reporter-output>
        </test-method> <!-- afterClass1 -->
      </class> <!-- training.BaseClass -->
    </test> <!-- Default test -->
  </suite> <!-- Default suite -->
</testng-results>
